Wed Jun 23 15:24:52 EDT 2010: Will now attempt ipcrm on 3768341 4423711 3735572 4390942 3440654 4096024 3604497 4259867 3112964 2981888 3833879 4489249 3702803 5144605 3080195 3637266 4292636 3801110 4456480 3538959 4194329 3571728 4227098
Wed Jun 23 15:24:52 EDT 2010: Will now attempt ipcrm on 3768341 4423711 3735572 4390942 3440654 4096024 3604497 4259867 3112964 2981888 3833879 4489249 3702803 5144605 3080195 3637266 4292636 3801110 4456480 3538959 4194329 3571728 4227098
ipcrm: invalid id (3768341)
ipcrm: invalid id (4423711)
ipcrm: invalid id (3735572)
ipcrm: invalid id (4390942)
ipcrm: invalid id (3440654)
ipcrm: invalid id (4096024)
ipcrm: invalid id (3604497)
ipcrm: invalid id (4259867)
ipcrm: invalid id (3112964)
ipcrm: invalid id (2981888)
ipcrm: invalid id (3833879)
ipcrm: invalid id (4489249)
ipcrm: invalid id (3702803)
ipcrm: invalid id (5144605)
ipcrm: invalid id (3080195)
ipcrm: invalid id (3637266)
ipcrm: invalid id (4292636)
ipcrm: invalid id (3801110)
ipcrm: invalid id (4456480)
ipcrm: invalid id (3538959)
ipcrm: invalid id (4194329)
ipcrm: invalid id (3571728)
ipcrm: invalid id (4227098)
Wed Jun 23 15:24:52 EDT 2010: Will now attempt ipcrm on 3375116 3342347 3407885
Sun Jun 27 01:04:35 EDT 2010: Will now attempt ipcrm on 1409043 2064413 1376274 2031644 1048587 1736726 1245199 1900569 819204 688128 1474581 2129951 1343505 5734427 786435 1277968 1933338 1441812 2097182 1179660 1835031 1212430 1867800
Sun Jun 27 01:04:35 EDT 2010: Will now attempt ipcrm on 1409043 2064413 1376274 2031644 1048587 1736726 1245199 1900569 819204 688128 1474581 2129951 1343505 5734427 786435 1277968 1933338 1441812 2097182 1179660 1835031 1212430 1867800
ipcrm: invalid id (1409043)
ipcrm: invalid id (2064413)
ipcrm: invalid id (1376274)
ipcrm: invalid id (2031644)
ipcrm: invalid id (1048587)
ipcrm: invalid id (1736726)
ipcrm: invalid id (1245199)
ipcrm: invalid id (1900569)
ipcrm: invalid id (819204)
ipcrm: invalid id (688128)
ipcrm: invalid id (1474581)
ipcrm: invalid id (2129951)
ipcrm: invalid id (1343505)
ipcrm: invalid id (5734427)
ipcrm: invalid id (786435)
ipcrm: invalid id (1277968)
ipcrm: invalid id (1933338)
ipcrm: invalid id (1441812)
ipcrm: invalid id (2097182)
ipcrm: invalid id (1179660)
ipcrm: invalid id (1835031)
ipcrm: invalid id (1212430)
ipcrm: invalid id (1867800)
Sun Jun 27 01:04:35 EDT 2010: Will now attempt ipcrm on 1114125
Sun Jun 27 01:05:30 EDT 2010: Will now attempt ipcrm on 6258700 6225931 5996550 6160393 6389775 6357006 6193162 6291469 6094855 6127624
Sun Jun 27 01:05:30 EDT 2010: Will now attempt ipcrm on 6258700 6225931 5996550 6160393 6389775 6357006 6193162 6291469 6094855 6127624
ipcrm: invalid id (6258700)
ipcrm: invalid id (6225931)
ipcrm: invalid id (5996550)
ipcrm: invalid id (6160393)
ipcrm: invalid id (6389775)
ipcrm: invalid id (6357006)
ipcrm: invalid id (6193162)
ipcrm: invalid id (6291469)
ipcrm: invalid id (6094855)
ipcrm: invalid id (6127624)
Sun Jun 27 01:05:30 EDT 2010: Will now attempt ipcrm on 6258700 6225931 5996550 6160393 6389775 6357006 6193162 6291469 6094855 6127624
ipcrm: invalid id (6258700)
ipcrm: invalid id (6225931)
ipcrm: invalid id (5996550)
ipcrm: invalid id (6160393)
ipcrm: invalid id (6389775)
ipcrm: invalid id (6357006)
ipcrm: invalid id (6193162)
ipcrm: invalid id (6291469)
ipcrm: invalid id (6094855)
ipcrm: invalid id (6127624)
Fri Jul 30 10:06:27 EDT 2010: Will now attempt ipcrm on 720915 688146 393228 557071 9437188 131076 9306112 786453 2719761 9404419 98307 589840 753684 491533 524302
ipcrm: already removed id (9437188)
ipcrm: already removed id (9306112)
ipcrm: already removed id (9404419)
Fri Jul 30 10:06:27 EDT 2010: Will now attempt ipcrm on 720915 688146 393228 557071 9437188 131076 9306112 786453 2719761 9404419 98307 589840 753684 491533 524302
ipcrm: invalid id (720915)
ipcrm: invalid id (688146)
ipcrm: invalid id (393228)
ipcrm: invalid id (557071)
ipcrm: invalid id (9437188)
ipcrm: invalid id (131076)
ipcrm: already removed id (9306112)
ipcrm: invalid id (786453)
ipcrm: invalid id (2719761)
ipcrm: invalid id (9404419)
ipcrm: invalid id (98307)
ipcrm: invalid id (589840)
ipcrm: invalid id (753684)
ipcrm: invalid id (491533)
ipcrm: invalid id (524302)
Fri Jul 30 10:06:30 EDT 2010: Will now attempt ipcrm on 9699340 360459
ipcrm: invalid id (9699340)
Thu Nov  4 22:16:33 EDT 2010: Will now attempt ipcrm on 720915 688146 393228 557071 131076 32769 786453 3080209 32769 589840 753684 491533 524302
ipcrm: invalid id (32769)
Thu Nov  4 22:16:33 EDT 2010: Will now attempt ipcrm on 720915 688146 393228 557071 131076 32769 786453 3080209 32769 589840 753684 491533 524302
ipcrm: invalid id (720915)
ipcrm: invalid id (688146)
ipcrm: invalid id (393228)
ipcrm: invalid id (557071)
ipcrm: invalid id (131076)
ipcrm: invalid id (32769)
ipcrm: invalid id (786453)
ipcrm: invalid id (3080209)
ipcrm: invalid id (32769)
ipcrm: invalid id (589840)
ipcrm: invalid id (753684)
ipcrm: invalid id (491533)
ipcrm: invalid id (524302)
Thu Nov  4 22:16:33 EDT 2010: Will now attempt ipcrm on 360459
Sat Feb 12 20:18:37 EST 2011: Will now attempt ipcrm on 3833874 3801105 3506187 3670030 3309573 3178497 3899412 7667728 3145728 3702799 3866643 3604492 3637261
Sat Feb 12 20:18:37 EST 2011: Will now attempt ipcrm on 3833874 3801105 3506187 3670030 3309573 3178497 3899412 7667728 3145728 3702799 3866643 3604492 3637261
ipcrm: invalid id (3833874)
ipcrm: invalid id (3801105)
ipcrm: invalid id (3506187)
ipcrm: invalid id (3670030)
ipcrm: invalid id (3309573)
ipcrm: invalid id (3178497)
ipcrm: invalid id (3899412)
ipcrm: invalid id (7667728)
ipcrm: invalid id (3145728)
ipcrm: invalid id (3702799)
ipcrm: invalid id (3866643)
ipcrm: invalid id (3604492)
ipcrm: invalid id (3637261)
Sat Feb 12 20:18:37 EST 2011: Will now attempt ipcrm on 3964950
