This file contains any messages produced by compilers while
running configure, to aid debugging if configure makes a mistake.

It was created by configure, which was
generated by GNU Autoconf 2.59.  Invocation command line was

  $ ./configure --with-ssl

## --------- ##
## Platform. ##
## --------- ##

hostname = m
uname -m = x86_64
uname -r = 2.6.18-194.3.1.el5
uname -s = Linux
uname -v = #1 SMP Sun May 2 04:17:42 EDT 2010

/usr/bin/uname -p = unknown
/bin/uname -X     = unknown

/bin/arch              = x86_64
/usr/bin/arch -k       = unknown
/usr/convex/getsysinfo = unknown
hostinfo               = unknown
/bin/machine           = unknown
/usr/bin/oslevel       = unknown
/bin/universe          = unknown

PATH: /usr/local/zend/bin/
PATH: /usr/kerberos/sbin
PATH: /usr/kerberos/bin
PATH: /usr/local/sbin
PATH: /usr/local/bin
PATH: /sbin
PATH: /bin
PATH: /usr/sbin
PATH: /usr/bin
PATH: /root/bin


## ----------- ##
## Core tests. ##
## ----------- ##

configure:1482: checking for egrep
configure:1492: result: grep -E
configure:1497: checking for a sed that does not truncate output
configure:1551: result: /bin/sed
configure:1681: checking for cc
configure:1697: found /usr/bin/cc
configure:1707: result: cc
configure:1728: checking for C compiler version
configure:1731: cc --version </dev/null >&5
cc (GCC) 4.1.2 20080704 (Red Hat 4.1.2-48)
Copyright (C) 2006 Free Software Foundation, Inc.
This is free software; see the source for copying conditions.  There is NO
warranty; not even for MERCHANTABILITY or FITNESS FOR A PARTICULAR PURPOSE.

configure:1734: $? = 0
configure:1736: cc -v </dev/null >&5
Using built-in specs.
Target: x86_64-redhat-linux
Configured with: ../configure --prefix=/usr --mandir=/usr/share/man --infodir=/usr/share/info --enable-shared --enable-threads=posix --enable-checking=release --with-system-zlib --enable-__cxa_atexit --disable-libunwind-exceptions --enable-libgcj-multifile --enable-languages=c,c++,objc,obj-c++,java,fortran,ada --enable-java-awt=gtk --disable-dssi --enable-plugin --with-java-home=/usr/lib/jvm/java-1.4.2-gcj-1.4.2.0/jre --with-cpu=generic --host=x86_64-redhat-linux
Thread model: posix
gcc version 4.1.2 20080704 (Red Hat 4.1.2-48)
configure:1739: $? = 0
configure:1741: cc -V </dev/null >&5
cc: '-V' option must have argument
configure:1744: $? = 1
configure:1767: checking for C compiler default output file name
configure:1770: cc    conftest.c  >&5
configure:1773: $? = 0
configure:1819: result: a.out
configure:1824: checking whether the C compiler works
configure:1830: ./a.out
configure:1833: $? = 0
configure:1850: result: yes
configure:1857: checking whether we are cross compiling
configure:1859: result: no
configure:1862: checking for suffix of executables
configure:1864: cc -o conftest    conftest.c  >&5
configure:1867: $? = 0
configure:1892: result: 
configure:1898: checking for suffix of object files
configure:1919: cc -c   conftest.c >&5
configure:1922: $? = 0
configure:1944: result: o
configure:1948: checking whether we are using the GNU C compiler
configure:1972: cc -c   conftest.c >&5
configure:1978: $? = 0
configure:1982: test -z 
			 || test ! -s conftest.err
configure:1985: $? = 0
configure:1988: test -s conftest.o
configure:1991: $? = 0
configure:2004: result: yes
configure:2010: checking whether cc accepts -g
configure:2031: cc -c -g  conftest.c >&5
configure:2037: $? = 0
configure:2041: test -z 
			 || test ! -s conftest.err
configure:2044: $? = 0
configure:2047: test -s conftest.o
configure:2050: $? = 0
configure:2061: result: yes
configure:2078: checking for cc option to accept ANSI C
configure:2148: cc  -c -g -O2  conftest.c >&5
configure:2154: $? = 0
configure:2158: test -z 
			 || test ! -s conftest.err
configure:2161: $? = 0
configure:2164: test -s conftest.o
configure:2167: $? = 0
configure:2185: result: none needed
configure:2203: cc -c -g -O2  conftest.c >&5
conftest.c:2: error: expected '=', ',', ';', 'asm' or '__attribute__' before 'me'
configure:2209: $? = 1
configure: failed program was:
| #ifndef __cplusplus
|   choke me
| #endif
configure:2348: checking how to run the C preprocessor
configure:2383: cc -E  conftest.c
configure:2389: $? = 0
configure:2421: cc -E  conftest.c
conftest.c:9:28: error: ac_nonexistent.h: No such file or directory
configure:2427: $? = 1
configure: failed program was:
| /* confdefs.h.  */
| 
| #define PACKAGE_NAME ""
| #define PACKAGE_TARNAME ""
| #define PACKAGE_VERSION ""
| #define PACKAGE_STRING ""
| #define PACKAGE_BUGREPORT ""
| /* end confdefs.h.  */
| #include <ac_nonexistent.h>
configure:2466: result: cc -E
configure:2490: cc -E  conftest.c
configure:2496: $? = 0
configure:2528: cc -E  conftest.c
conftest.c:9:28: error: ac_nonexistent.h: No such file or directory
configure:2534: $? = 1
configure: failed program was:
| /* confdefs.h.  */
| 
| #define PACKAGE_NAME ""
| #define PACKAGE_TARNAME ""
| #define PACKAGE_VERSION ""
| #define PACKAGE_STRING ""
| #define PACKAGE_BUGREPORT ""
| /* end confdefs.h.  */
| #include <ac_nonexistent.h>
configure:2580: checking for icc
configure:2593: result: no
configure:2607: checking for suncc
configure:2620: result: no
configure:2638: checking whether cc understands -c and -o together
configure:2665: cc -c conftest.c -o conftest.o >&5
configure:2668: $? = 0
configure:2670: cc -c conftest.c -o conftest.o >&5
configure:2673: $? = 0
configure:2712: result: yes
configure:2728: checking for system library directory
configure:2746: result: lib
configure:2753: checking if compiler supports -R
configure:2777: cc -o conftest -g -O2   conftest.c -R /usr/lib  >&5
cc: unrecognized option '-R'
/usr/lib: file not recognized: Is a directory
collect2: ld returned 1 exit status
configure:2783: $? = 1
configure: failed program was:
| /* confdefs.h.  */
| 
| #define PACKAGE_NAME ""
| #define PACKAGE_TARNAME ""
| #define PACKAGE_VERSION ""
| #define PACKAGE_STRING ""
| #define PACKAGE_BUGREPORT ""
| /* end confdefs.h.  */
| 
| int
| main ()
| {
| 
|   ;
|   return 0;
| }
configure:2810: result: no
configure:2815: checking if compiler supports -Wl,-rpath,
configure:2839: cc -o conftest -g -O2   conftest.c -Wl,-rpath,/usr/lib  >&5
configure:2845: $? = 0
configure:2849: test -z 
			 || test ! -s conftest.err
configure:2852: $? = 0
configure:2855: test -s conftest
configure:2858: $? = 0
configure:2872: result: yes
configure:2915: checking build system type
configure:2933: result: x86_64-unknown-linux-gnu
configure:2941: checking host system type
configure:2955: result: x86_64-unknown-linux-gnu
configure:2963: checking target system type
configure:2977: result: x86_64-unknown-linux-gnu
configure:3075: checking for PHP prefix
configure:3077: result: /usr/local/zend
configure:3079: checking for PHP includes
configure:3081: result: -I/usr/local/zend/include/php -I/usr/local/zend/include/php/main -I/usr/local/zend/include/php/TSRM -I/usr/local/zend/include/php/Zend -I/usr/local/zend/include/php/ext -I/usr/local/zend/include/php/ext/date/lib
configure:3083: checking for PHP extension directory
configure:3085: result: /usr/local/zend/lib/php_extensions
configure:3087: checking for PHP installed headers prefix
configure:3089: result: /usr/local/zend/include/php
configure:3092: checking if debug is enabled
configure:3122: result: no
configure:3125: checking if zts is enabled
configure:3155: result: no
configure:3229: checking for re2c
configure:3258: result: no
configure:3282: WARNING: You will need re2c 0.13.4 or later if you want to regenerate PHP parsers.
configure:3296: checking for gawk
configure:3313: found /bin/gawk
configure:3323: result: gawk
configure:3374: checking for LDAP support
configure:3417: result: yes, shared
configure:3426: checking for LDAP Cyrus SASL support
configure:3444: result: no
configure:5784: checking for 3 arg ldap_set_rebind_proc
configure:5805: cc -c -g -O2  -I/usr/include conftest.c >&5
configure:5811: $? = 0
configure:5815: test -z 
			 || test ! -s conftest.err
configure:5818: $? = 0
configure:5821: test -s conftest.o
configure:5824: $? = 0
configure:5835: result: yes
configure:5851: checking for ldap_parse_result
configure:5908: cc -o conftest -g -O2  -I/usr/include  conftest.c  -lldap -llber  >&5
configure:5914: $? = 0
configure:5918: test -z 
			 || test ! -s conftest.err
configure:5921: $? = 0
configure:5924: test -s conftest
configure:5927: $? = 0
configure:5939: result: yes
configure:5851: checking for ldap_parse_reference
configure:5908: cc -o conftest -g -O2  -I/usr/include  conftest.c  -lldap -llber  >&5
configure:5914: $? = 0
configure:5918: test -z 
			 || test ! -s conftest.err
configure:5921: $? = 0
configure:5924: test -s conftest
configure:5927: $? = 0
configure:5939: result: yes
configure:5851: checking for ldap_start_tls_s
configure:5908: cc -o conftest -g -O2  -I/usr/include  conftest.c  -lldap -llber  >&5
configure:5914: $? = 0
configure:5918: test -z 
			 || test ! -s conftest.err
configure:5921: $? = 0
configure:5924: test -s conftest
configure:5927: $? = 0
configure:5939: result: yes
configure:6310: checking for ldap_bind_s
configure:6367: cc -o conftest -g -O2  -I/usr/include  conftest.c  -lldap -llber  >&5
configure:6373: $? = 0
configure:6377: test -z 
			 || test ! -s conftest.err
configure:6380: $? = 0
configure:6383: test -s conftest
configure:6386: $? = 0
configure:6398: result: yes
configure:6508: checking for ld used by cc
configure:6575: result: /usr/bin/ld
configure:6584: checking if the linker (/usr/bin/ld) is GNU ld
configure:6599: result: yes
configure:6604: checking for /usr/bin/ld option to reload object files
configure:6611: result: -r
configure:6629: checking for BSD-compatible nm
configure:6678: result: /usr/bin/nm -B
configure:6682: checking whether ln -s works
configure:6686: result: yes
configure:6693: checking how to recognize dependent libraries
configure:6879: result: pass_all
configure:6964: cc -c -g -O2  conftest.c >&5
configure:6967: $? = 0
configure:7120: checking for ANSI C header files
configure:7145: cc -c -g -O2  conftest.c >&5
configure:7151: $? = 0
configure:7155: test -z 
			 || test ! -s conftest.err
configure:7158: $? = 0
configure:7161: test -s conftest.o
configure:7164: $? = 0
configure:7253: cc -o conftest -g -O2   conftest.c  >&5
conftest.c: In function 'main':
conftest.c:32: warning: incompatible implicit declaration of built-in function 'exit'
configure:7256: $? = 0
configure:7258: ./conftest
configure:7261: $? = 0
configure:7276: result: yes
configure:7300: checking for sys/types.h
configure:7316: cc -c -g -O2  conftest.c >&5
configure:7322: $? = 0
configure:7326: test -z 
			 || test ! -s conftest.err
configure:7329: $? = 0
configure:7332: test -s conftest.o
configure:7335: $? = 0
configure:7346: result: yes
configure:7300: checking for sys/stat.h
configure:7316: cc -c -g -O2  conftest.c >&5
configure:7322: $? = 0
configure:7326: test -z 
			 || test ! -s conftest.err
configure:7329: $? = 0
configure:7332: test -s conftest.o
configure:7335: $? = 0
configure:7346: result: yes
configure:7300: checking for stdlib.h
configure:7316: cc -c -g -O2  conftest.c >&5
configure:7322: $? = 0
configure:7326: test -z 
			 || test ! -s conftest.err
configure:7329: $? = 0
configure:7332: test -s conftest.o
configure:7335: $? = 0
configure:7346: result: yes
configure:7300: checking for string.h
configure:7316: cc -c -g -O2  conftest.c >&5
configure:7322: $? = 0
configure:7326: test -z 
			 || test ! -s conftest.err
configure:7329: $? = 0
configure:7332: test -s conftest.o
configure:7335: $? = 0
configure:7346: result: yes
configure:7300: checking for memory.h
configure:7316: cc -c -g -O2  conftest.c >&5
configure:7322: $? = 0
configure:7326: test -z 
			 || test ! -s conftest.err
configure:7329: $? = 0
configure:7332: test -s conftest.o
configure:7335: $? = 0
configure:7346: result: yes
configure:7300: checking for strings.h
configure:7316: cc -c -g -O2  conftest.c >&5
configure:7322: $? = 0
configure:7326: test -z 
			 || test ! -s conftest.err
configure:7329: $? = 0
configure:7332: test -s conftest.o
configure:7335: $? = 0
configure:7346: result: yes
configure:7300: checking for inttypes.h
configure:7316: cc -c -g -O2  conftest.c >&5
configure:7322: $? = 0
configure:7326: test -z 
			 || test ! -s conftest.err
configure:7329: $? = 0
configure:7332: test -s conftest.o
configure:7335: $? = 0
configure:7346: result: yes
configure:7300: checking for stdint.h
configure:7316: cc -c -g -O2  conftest.c >&5
configure:7322: $? = 0
configure:7326: test -z 
			 || test ! -s conftest.err
configure:7329: $? = 0
configure:7332: test -s conftest.o
configure:7335: $? = 0
configure:7346: result: yes
configure:7300: checking for unistd.h
configure:7316: cc -c -g -O2  conftest.c >&5
configure:7322: $? = 0
configure:7326: test -z 
			 || test ! -s conftest.err
configure:7329: $? = 0
configure:7332: test -s conftest.o
configure:7335: $? = 0
configure:7346: result: yes
configure:7372: checking dlfcn.h usability
configure:7384: cc -c -g -O2  conftest.c >&5
configure:7390: $? = 0
configure:7394: test -z 
			 || test ! -s conftest.err
configure:7397: $? = 0
configure:7400: test -s conftest.o
configure:7403: $? = 0
configure:7413: result: yes
configure:7417: checking dlfcn.h presence
configure:7427: cc -E  conftest.c
configure:7433: $? = 0
configure:7453: result: yes
configure:7488: checking for dlfcn.h
configure:7495: result: yes
configure:7520: checking the maximum length of command line arguments
configure:7632: result: 98304
configure:7644: checking command to parse /usr/bin/nm -B output from cc object
configure:7749: cc -c -g -O2  conftest.c >&5
configure:7752: $? = 0
configure:7756: /usr/bin/nm -B conftest.o \| sed -n -e 's/^.*[ 	]\([ABCDGIRSTW][ABCDGIRSTW]*\)[ 	][ 	]*\([_A-Za-z][_A-Za-z0-9]*\)$/\1 \2 \2/p' \> conftest.nm
configure:7759: $? = 0
configure:7811: cc -o conftest -g -O2   conftest.c conftstm.o >&5
configure:7814: $? = 0
configure:7852: result: ok
configure:7856: checking for objdir
configure:7871: result: .libs
configure:7961: checking for ar
configure:7977: found /usr/bin/ar
configure:7988: result: ar
configure:8041: checking for ranlib
configure:8057: found /usr/bin/ranlib
configure:8068: result: ranlib
configure:8121: checking for strip
configure:8137: found /usr/bin/strip
configure:8148: result: strip
configure:8684: checking if cc supports -fno-rtti -fno-exceptions
configure:8702: cc -c -g -O2  -fno-rtti -fno-exceptions conftest.c >&5
cc1: warning: command line option "-fno-rtti" is valid for C++/ObjC++ but not for C
configure:8706: $? = 0
configure:8719: result: no
configure:8734: checking for cc option to produce PIC
configure:8974: result: -fPIC
configure:8982: checking if cc PIC flag -fPIC works
configure:9000: cc -c -g -O2  -fPIC -DPIC conftest.c >&5
configure:9004: $? = 0
configure:9017: result: yes
configure:9045: checking if cc static flag -static works
configure:9073: result: yes
configure:9083: checking if cc supports -c -o file.o
configure:9104: cc -c -g -O2  -o out/conftest2.o conftest.c >&5
configure:9108: $? = 0
configure:9130: result: yes
configure:9156: checking whether the cc linker (/usr/bin/ld -m elf_x86_64) supports shared libraries
configure:10088: result: yes
configure:10109: checking whether -lc should be explicitly linked in
configure:10114: cc -c -g -O2  conftest.c >&5
configure:10117: $? = 0
configure:10132: cc -shared conftest.o  -v -Wl,-soname -Wl,conftest -o conftest 2\>\&1 \| grep  -lc  \>/dev/null 2\>\&1
configure:10135: $? = 0
configure:10147: result: no
configure:10155: checking dynamic linker characteristics
configure:10757: result: GNU/Linux ld.so
configure:10781: checking how to hardcode library paths into programs
configure:10806: result: immediate
configure:10820: checking whether stripping libraries is possible
configure:10825: result: yes
configure:11660: checking if libtool supports shared libraries
configure:11662: result: yes
configure:11665: checking whether to build shared libraries
configure:11686: result: yes
configure:11689: checking whether to build static libraries
configure:11693: result: no
configure:11788: result:
creating libtool
configure:15483: creating ./config.status

## ---------------------- ##
## Running config.status. ##
## ---------------------- ##

This file was extended by config.status, which was
generated by GNU Autoconf 2.59.  Invocation command line was

  CONFIG_FILES    = 
  CONFIG_HEADERS  = 
  CONFIG_LINKS    = 
  CONFIG_COMMANDS = 
  $ ./config.status 

on m

config.status:454: creating config.h

## ---------------- ##
## Cache variables. ##
## ---------------- ##

ac_cv_3arg_setrebindproc=yes
ac_cv_build=x86_64-unknown-linux-gnu
ac_cv_build_alias=x86_64-unknown-linux-gnu
ac_cv_c_compiler_gnu=yes
ac_cv_env_CC_set=
ac_cv_env_CC_value=
ac_cv_env_CFLAGS_set=
ac_cv_env_CFLAGS_value=
ac_cv_env_CPPFLAGS_set=
ac_cv_env_CPPFLAGS_value=
ac_cv_env_CPP_set=
ac_cv_env_CPP_value=
ac_cv_env_LDFLAGS_set=
ac_cv_env_LDFLAGS_value=
ac_cv_env_build_alias_set=
ac_cv_env_build_alias_value=
ac_cv_env_host_alias_set=
ac_cv_env_host_alias_value=
ac_cv_env_target_alias_set=
ac_cv_env_target_alias_value=
ac_cv_exeext=
ac_cv_func_ldap_bind_s=yes
ac_cv_func_ldap_parse_reference=yes
ac_cv_func_ldap_parse_result=yes
ac_cv_func_ldap_start_tls_s=yes
ac_cv_header_dlfcn_h=yes
ac_cv_header_inttypes_h=yes
ac_cv_header_memory_h=yes
ac_cv_header_stdc=yes
ac_cv_header_stdint_h=yes
ac_cv_header_stdlib_h=yes
ac_cv_header_string_h=yes
ac_cv_header_strings_h=yes
ac_cv_header_sys_stat_h=yes
ac_cv_header_sys_types_h=yes
ac_cv_header_unistd_h=yes
ac_cv_host=x86_64-unknown-linux-gnu
ac_cv_host_alias=x86_64-unknown-linux-gnu
ac_cv_objext=o
ac_cv_prog_AWK=gawk
ac_cv_prog_CPP='cc -E'
ac_cv_prog_ac_ct_AR=ar
ac_cv_prog_ac_ct_CC=cc
ac_cv_prog_ac_ct_RANLIB=ranlib
ac_cv_prog_ac_ct_STRIP=strip
ac_cv_prog_cc_cc_c_o=yes
ac_cv_prog_cc_g=yes
ac_cv_prog_cc_stdc=
ac_cv_prog_egrep='grep -E'
ac_cv_target=x86_64-unknown-linux-gnu
ac_cv_target_alias=x86_64-unknown-linux-gnu
lt_cv_deplibs_check_method=pass_all
lt_cv_file_magic_cmd='$MAGIC_CMD'
lt_cv_file_magic_test_file=
lt_cv_ld_reload_flag=-r
lt_cv_objdir=.libs
lt_cv_path_LD=/usr/bin/ld
lt_cv_path_NM='/usr/bin/nm -B'
lt_cv_path_SED=/bin/sed
lt_cv_prog_compiler_c_o=yes
lt_cv_prog_compiler_pic_works=yes
lt_cv_prog_compiler_rtti_exceptions=no
lt_cv_prog_compiler_static_works=yes
lt_cv_prog_gnu_ld=yes
lt_cv_sys_global_symbol_pipe='sed -n -e '\''s/^.*[ 	]\([ABCDGIRSTW][ABCDGIRSTW]*\)[ 	][ 	]*\([_A-Za-z][_A-Za-z0-9]*\)$/\1 \2 \2/p'\'''
lt_cv_sys_global_symbol_to_c_name_address='sed -n -e '\''s/^: \([^ ]*\) $/  {\"\1\", (lt_ptr) 0},/p'\'' -e '\''s/^[BCDEGRST] \([^ ]*\) \([^ ]*\)$/  {"\2", (lt_ptr) \&\2},/p'\'''
lt_cv_sys_global_symbol_to_cdecl='sed -n -e '\''s/^. .* \(.*\)$/extern int \1;/p'\'''
lt_cv_sys_lib_dlsearch_path_spec='/lib /usr/lib /usr/lib/mysql /usr/lib64/mysql /usr/lib64/qt-3.3/lib /usr/local/zend/lib '
lt_cv_sys_lib_search_path_spec='/usr/lib/gcc/x86_64-redhat-linux/4.1.2 /usr/lib64 /lib64'
lt_cv_sys_max_cmd_len=98304
lt_lt_cv_prog_compiler_c_o='"yes"'
lt_lt_cv_sys_global_symbol_pipe='"sed -n -e '\''s/^.*[ 	]\\([ABCDGIRSTW][ABCDGIRSTW]*\\)[ 	][ 	]*\\([_A-Za-z][_A-Za-z0-9]*\\)\$/\\1 \\2 \\2/p'\''"'
lt_lt_cv_sys_global_symbol_to_c_name_address='"sed -n -e '\''s/^: \\([^ ]*\\) \$/  {\\\"\\1\\\", (lt_ptr) 0},/p'\'' -e '\''s/^[BCDEGRST] \\([^ ]*\\) \\([^ ]*\\)\$/  {\"\\2\", (lt_ptr) \\&\\2},/p'\''"'
lt_lt_cv_sys_global_symbol_to_cdecl='"sed -n -e '\''s/^. .* \\(.*\\)\$/extern int \\1;/p'\''"'
php_cv_cc_dashr=no
php_cv_cc_rpath=yes

## ----------------- ##
## Output variables. ##
## ----------------- ##

AR='ar'
AWK='gawk'
CC='cc'
CFLAGS='-g -O2'
CONFIGURE_COMMAND=' './configure'  '--with-ssl''
CONFIGURE_OPTIONS=' '--with-ssl''
CPP='cc -E'
CPPFLAGS=' -DHAVE_CONFIG_H'
DEFS='-DHAVE_CONFIG_H'
DSYMUTIL=''
ECHO='echo'
ECHO_C=''
ECHO_N='-n'
ECHO_T=''
EGREP='grep -E'
EXEEXT=''
LDFLAGS=''
LIBOBJS=''
LIBS=''
LIBTOOL='$(SHELL) $(top_builddir)/libtool'
LN_S='ln -s'
LTLIBOBJS=''
NMEDIT=''
OBJEXT='o'
PACKAGE_BUGREPORT=''
PACKAGE_NAME=''
PACKAGE_STRING=''
PACKAGE_TARNAME=''
PACKAGE_VERSION=''
PATH_SEPARATOR=':'
RANLIB='ranlib'
RE2C='exit 0;'
SED='/bin/sed'
SHELL='/bin/sh'
SHLIB_DL_SUFFIX_NAME='so'
SHLIB_SUFFIX_NAME='so'
STRIP='strip'
ac_ct_AR='ar'
ac_ct_CC='cc'
ac_ct_DSYMUTIL=''
ac_ct_NMEDIT=''
ac_ct_RANLIB='ranlib'
ac_ct_STRIP='strip'
bindir='${exec_prefix}/bin'
build='x86_64-unknown-linux-gnu'
build_alias=''
build_cpu='x86_64'
build_os='linux-gnu'
build_vendor='unknown'
datadir='${prefix}/share'
exec_prefix='$(prefix)'
host='x86_64-unknown-linux-gnu'
host_alias='x86_64-unknown-linux-gnu'
host_cpu='x86_64'
host_os='linux-gnu'
host_vendor='unknown'
includedir='${prefix}/include'
infodir='${prefix}/info'
libdir='${exec_prefix}/lib'
libexecdir='${exec_prefix}/libexec'
localstatedir='${prefix}/var'
mandir='${prefix}/man'
oldincludedir='/usr/include'
prefix='/usr/local/zend'
program_transform_name='s,x,x,'
sbindir='${exec_prefix}/sbin'
sharedstatedir='${prefix}/com'
sysconfdir='${prefix}/etc'
target='x86_64-unknown-linux-gnu'
target_alias=''
target_cpu='x86_64'
target_os='linux-gnu'
target_vendor='unknown'

## ----------- ##
## confdefs.h. ##
## ----------- ##

#define COMPILE_DL_LDAP 1
#define HAVE_3ARG_SETREBINDPROC 1
#define HAVE_DLFCN_H 1
#define HAVE_INTTYPES_H 1
#define HAVE_LDAP 1
#define HAVE_LDAP_PARSE_REFERENCE 1
#define HAVE_LDAP_PARSE_RESULT 1
#define HAVE_LDAP_START_TLS_S 1
#define HAVE_MEMORY_H 1
#define HAVE_STDINT_H 1
#define HAVE_STDLIB_H 1
#define HAVE_STRINGS_H 1
#define HAVE_STRING_H 1
#define HAVE_SYS_STAT_H 1
#define HAVE_SYS_TYPES_H 1
#define HAVE_UNISTD_H 1
#define PACKAGE_BUGREPORT ""
#define PACKAGE_NAME ""
#define PACKAGE_STRING ""
#define PACKAGE_TARNAME ""
#define PACKAGE_VERSION ""
#define STDC_HEADERS 1

configure: exit 0
